0 verbose cli /usr/local/bin/node /usr/local/bin/npm
1 info using npm@10.9.2
2 info using node@v22.16.0
3 silly config load:file:/usr/local/lib/node_modules/npm/npmrc
4 silly config load:file:/Users/mogy/Desktop/ECOMMERCE/printing-house/.npmrc
5 silly config load:file:/Users/mogy/.npmrc
6 silly config load:file:/usr/local/etc/npmrc
7 verbose title npm run dev
8 verbose argv "run" "dev"
9 verbose logfile logs-max:10 dir:/Users/mogy/Desktop/ECOMMERCE/printing-house/npm-cache/_logs/2025-12-21T16_10_51_493Z-
10 verbose logfile /Users/mogy/Desktop/ECOMMERCE/printing-house/npm-cache/_logs/2025-12-21T16_10_51_493Z-debug-0.log
11 silly logfile start cleaning logs, removing 1 files
12 silly logfile done cleaning log files
13 http fetch GET 200 https://registry.npmjs.org/npm 796ms
14 verbose cwd /Users/mogy/Desktop/ECOMMERCE/printing-house
15 verbose os Darwin 23.6.0
16 verbose node v22.16.0
17 verbose npm  v10.9.2
18 notice
18 notice New [31mmajor[39m version of npm available! [31m10.9.2[39m -> [34m11.7.0[39m
18 notice Changelog: [34mhttps://github.com/npm/cli/releases/tag/v11.7.0[39m
18 notice To update run: [4mnpm install -g npm@11.7.0[24m
18 notice  { force: true, [Symbol(proc-log.meta)]: true }
19 verbose exit 0
20 info ok
