0 verbose cli /usr/local/bin/node /usr/local/bin/npm
1 info using npm@10.9.2
2 info using node@v22.16.0
3 silly config load:file:/usr/local/lib/node_modules/npm/npmrc
4 silly config load:file:/Volumes/WEB COURSE/Projects/printing-house/printing-house/.npmrc
5 silly config load:file:/Users/mogy/.npmrc
6 silly config load:file:/usr/local/etc/npmrc
7 verbose title npm view class-variance-authority description dist-tags.latest homepage version time
8 verbose argv "view" "--json" "--" "class-variance-authority" "description" "dist-tags.latest" "homepage" "version" "time"
9 verbose logfile logs-max:10 dir:/Volumes/WEB COURSE/Projects/printing-house/printing-house/npm-cache/_logs/2026-01-25T11_31_01_558Z-
10 verbose logfile /Volumes/WEB COURSE/Projects/printing-house/printing-house/npm-cache/_logs/2026-01-25T11_31_01_558Z-debug-0.log
11 silly logfile start cleaning logs, removing 1 files
12 silly logfile done cleaning log files
13 http fetch GET 200 https://registry.npmjs.org/class-variance-authority 1794ms (cache revalidated)
14 verbose cwd /Volumes/WEB COURSE/Projects/printing-house/printing-house
15 verbose os Darwin 23.6.0
16 verbose node v22.16.0
17 verbose npm  v10.9.2
18 verbose exit 0
19 info ok
