0 verbose cli /usr/local/bin/node /usr/local/bin/npm
1 info using npm@10.9.2
2 info using node@v22.16.0
3 silly config load:file:/usr/local/lib/node_modules/npm/npmrc
4 silly config load:file:/Volumes/WEB COURSE/Projects/printing-house/printing-house/.npmrc
5 silly config load:file:/Users/mogy/.npmrc
6 silly config load:file:/usr/local/etc/npmrc
7 verbose title npm install
8 verbose argv "install"
9 verbose logfile logs-max:10 dir:/Volumes/WEB COURSE/Projects/printing-house/printing-house/npm-cache/_logs/2026-01-25T12_30_12_999Z-
10 verbose logfile /Volumes/WEB COURSE/Projects/printing-house/printing-house/npm-cache/_logs/2026-01-25T12_30_12_999Z-debug-0.log
11 silly logfile start cleaning logs, removing 1 files
12 silly packumentCache heap:4345298944 maxSize:1086324736 maxEntrySize:543162368
13 silly logfile done cleaning log files
14 silly idealTree buildDeps
15 silly fetch manifest cloudinary@^1.34.0
16 silly packumentCache full:https://registry.npmjs.org/cloudinary cache-miss
17 verbose shrinkwrap failed to load node_modules/.package-lock.json out of date, updated: node_modules
18 http fetch GET 200 https://registry.npmjs.org/cloudinary 1425ms (cache miss)
19 silly packumentCache full:https://registry.npmjs.org/cloudinary set size:undefined disposed:false
20 silly placeDep ROOT cloudinary@1.41.3 OK for: printing-house@0.1.0 want: ^1.34.0
21 silly fetch manifest q@^1.5.1
22 silly packumentCache full:https://registry.npmjs.org/q cache-miss
23 silly fetch manifest lodash@^4.17.21
24 silly packumentCache full:https://registry.npmjs.org/lodash cache-miss
25 silly fetch manifest core-js@^3.30.1
26 silly packumentCache full:https://registry.npmjs.org/core-js cache-miss
27 silly fetch manifest cloudinary-core@^2.13.0
28 silly packumentCache full:https://registry.npmjs.org/cloudinary-core cache-miss
29 http fetch GET 200 https://registry.npmjs.org/q 193ms (cache miss)
30 silly packumentCache full:https://registry.npmjs.org/q set size:undefined disposed:false
31 http fetch GET 200 https://registry.npmjs.org/lodash 557ms (cache miss)
32 silly packumentCache full:https://registry.npmjs.org/lodash set size:undefined disposed:false
33 http fetch GET 200 https://registry.npmjs.org/core-js 665ms (cache miss)
34 silly packumentCache full:https://registry.npmjs.org/core-js set size:undefined disposed:false
35 http fetch GET 200 https://registry.npmjs.org/cloudinary-core 1155ms (cache miss)
36 silly packumentCache full:https://registry.npmjs.org/cloudinary-core set size:undefined disposed:false
37 silly placeDep ROOT cloudinary-core@2.14.0 OK for: cloudinary@1.41.3 want: ^2.13.0
38 silly placeDep ROOT lodash@4.17.23 OK for: cloudinary-core@2.14.0 want: >=4.0
39 silly placeDep ROOT core-js@3.48.0 OK for: cloudinary@1.41.3 want: ^3.30.1
40 silly placeDep ROOT q@1.5.1 OK for: cloudinary@1.41.3 want: ^1.5.1
41 silly reify moves {}
42 verbose reify failed optional dependency /Volumes/WEB COURSE/Projects/printing-house/printing-house/node_modules/@tailwindcss/oxide-wasm32-wasi
43 silly reify mark deleted [
43 silly reify   '/Volumes/WEB COURSE/Projects/printing-house/printing-house/node_modules/@tailwindcss/oxide-wasm32-wasi'
43 silly reify ]
44 silly audit bulk request {
44 silly audit   '@alloc/quick-lru': [ '5.2.0' ],
44 silly audit   '@babel/code-frame': [ '7.27.1' ],
44 silly audit   '@babel/compat-data': [ '7.28.5' ],
44 silly audit   '@babel/core': [ '7.28.5' ],
44 silly audit   '@babel/generator': [ '7.28.5' ],
44 silly audit   '@babel/helper-compilation-targets': [ '7.27.2' ],
44 silly audit   '@babel/helper-globals': [ '7.28.0' ],
44 silly audit   '@babel/helper-module-imports': [ '7.27.1' ],
44 silly audit   '@babel/helper-module-transforms': [ '7.28.3' ],
44 silly audit   '@babel/helper-string-parser': [ '7.27.1' ],
44 silly audit   '@babel/helper-validator-identifier': [ '7.28.5' ],
44 silly audit   '@babel/helper-validator-option': [ '7.27.1' ],
44 silly audit   '@babel/helpers': [ '7.28.4' ],
44 silly audit   '@babel/parser': [ '7.28.5' ],
44 silly audit   '@babel/runtime': [ '7.28.4' ],
44 silly audit   '@babel/template': [ '7.27.2' ],
44 silly audit   '@babel/traverse': [ '7.28.5' ],
44 silly audit   '@babel/types': [ '7.28.5' ],
44 silly audit   '@emnapi/core': [ '1.7.1' ],
44 silly audit   '@emnapi/runtime': [ '1.7.1' ],
44 silly audit   '@emnapi/wasi-threads': [ '1.1.0' ],
44 silly audit   '@eslint-community/eslint-utils': [ '4.9.0' ],
44 silly audit   'eslint-visitor-keys': [ '3.4.3', '4.2.1' ],
44 silly audit   '@eslint-community/regexpp': [ '4.12.2' ],
44 silly audit   '@eslint/config-array': [ '0.21.1' ],
44 silly audit   '@eslint/config-helpers': [ '0.4.2' ],
44 silly audit   '@eslint/core': [ '0.17.0' ],
44 silly audit   '@eslint/eslintrc': [ '3.3.3' ],
44 silly audit   '@eslint/js': [ '9.39.1' ],
44 silly audit   '@eslint/object-schema': [ '2.1.7' ],
44 silly audit   '@eslint/plugin-kit': [ '0.4.1' ],
44 silly audit   '@floating-ui/core': [ '1.7.3' ],
44 silly audit   '@floating-ui/dom': [ '1.7.4' ],
44 silly audit   '@floating-ui/react-dom': [ '2.1.6' ],
44 silly audit   '@floating-ui/utils': [ '0.2.10' ],
44 silly audit   '@hookform/resolvers': [ '5.2.2' ],
44 silly audit   '@humanfs/core': [ '0.19.1' ],
44 silly audit   '@humanfs/node': [ '0.16.7' ],
44 silly audit   '@humanwhocodes/module-importer': [ '1.0.1' ],
44 silly audit   '@humanwhocodes/retry': [ '0.4.3' ],
44 silly audit   '@img/colour': [ '1.0.0' ],
44 silly audit   '@img/sharp-darwin-arm64': [ '0.34.5' ],
44 silly audit   '@img/sharp-darwin-x64': [ '0.34.5' ],
44 silly audit   '@img/sharp-libvips-darwin-arm64': [ '1.2.4' ],
44 silly audit   '@img/sharp-libvips-darwin-x64': [ '1.2.4' ],
44 silly audit   '@img/sharp-libvips-linux-arm': [ '1.2.4' ],
44 silly audit   '@img/sharp-libvips-linux-arm64': [ '1.2.4' ],
44 silly audit   '@img/sharp-libvips-linux-ppc64': [ '1.2.4' ],
44 silly audit   '@img/sharp-libvips-linux-riscv64': [ '1.2.4' ],
44 silly audit   '@img/sharp-libvips-linux-s390x': [ '1.2.4' ],
44 silly audit   '@img/sharp-libvips-linux-x64': [ '1.2.4' ],
44 silly audit   '@img/sharp-libvips-linuxmusl-arm64': [ '1.2.4' ],
44 silly audit   '@img/sharp-libvips-linuxmusl-x64': [ '1.2.4' ],
44 silly audit   '@img/sharp-linux-arm': [ '0.34.5' ],
44 silly audit   '@img/sharp-linux-arm64': [ '0.34.5' ],
44 silly audit   '@img/sharp-linux-ppc64': [ '0.34.5' ],
44 silly audit   '@img/sharp-linux-riscv64': [ '0.34.5' ],
44 silly audit   '@img/sharp-linux-s390x': [ '0.34.5' ],
44 silly audit   '@img/sharp-linux-x64': [ '0.34.5' ],
44 silly audit   '@img/sharp-linuxmusl-arm64': [ '0.34.5' ],
44 silly audit   '@img/sharp-linuxmusl-x64': [ '0.34.5' ],
44 silly audit   '@img/sharp-wasm32': [ '0.34.5' ],
44 silly audit   '@img/sharp-win32-arm64': [ '0.34.5' ],
44 silly audit   '@img/sharp-win32-ia32': [ '0.34.5' ],
44 silly audit   '@img/sharp-win32-x64': [ '0.34.5' ],
44 silly audit   '@jridgewell/gen-mapping': [ '0.3.13' ],
44 silly audit   '@jridgewell/remapping': [ '2.3.5' ],
44 silly audit   '@jridgewell/resolve-uri': [ '3.1.2' ],
44 silly audit   '@jridgewell/sourcemap-codec': [ '1.5.5' ],
44 silly audit   '@jridgewell/trace-mapping': [ '0.3.31' ],
44 silly audit   '@mongodb-js/saslprep': [ '1.3.2' ],
44 silly audit   '@napi-rs/wasm-runtime': [ '0.2.12' ],
44 silly audit   '@next/env': [ '16.0.7' ],
44 silly audit   '@next/eslint-plugin-next': [ '16.0.7' ],
44 silly audit   '@next/swc-darwin-arm64': [ '16.0.7' ],
44 silly audit   '@next/swc-darwin-x64': [ '16.0.7' ],
44 silly audit   '@next/swc-linux-arm64-gnu': [ '16.0.7' ],
44 silly audit   '@next/swc-linux-arm64-musl': [ '16.0.7' ],
44 silly audit   '@next/swc-linux-x64-gnu': [ '16.0.7' ],
44 silly audit   '@next/swc-linux-x64-musl': [ '16.0.7' ],
44 silly audit   '@next/swc-win32-arm64-msvc': [ '16.0.7' ],
44 silly audit   '@next/swc-win32-x64-msvc': [ '16.0.7' ],
44 silly audit   '@nodelib/fs.scandir': [ '2.1.5' ],
44 silly audit   '@nodelib/fs.stat': [ '2.0.5' ],
44 silly audit   '@nodelib/fs.walk': [ '1.2.8' ],
44 silly audit   '@nolyfill/is-core-module': [ '1.0.39' ],
44 silly audit   '@panva/hkdf': [ '1.2.1' ],
44 silly audit   '@radix-ui/primitive': [ '1.1.3' ],
44 silly audit   '@radix-ui/react-arrow': [ '1.1.7' ],
44 silly audit   '@radix-ui/react-primitive': [ '2.1.3', '2.1.4' ],
44 silly audit   '@radix-ui/react-slot': [ '1.2.3', '1.2.4' ],
44 silly audit   '@radix-ui/react-avatar': [ '1.1.11' ],
44 silly audit   '@radix-ui/react-collection': [ '1.1.7' ],
44 silly audit   '@radix-ui/react-context': [ '1.1.2', '1.1.3' ],
44 silly audit   '@radix-ui/react-compose-refs': [ '1.1.2' ],
44 silly audit   '@radix-ui/react-dialog': [ '1.1.15' ],
44 silly audit   '@radix-ui/react-direction': [ '1.1.1' ],
44 silly audit   '@radix-ui/react-dismissable-layer': [ '1.1.11' ],
44 silly audit   '@radix-ui/react-dropdown-menu': [ '2.1.16' ],
44 silly audit   '@radix-ui/react-focus-guards': [ '1.1.3' ],
44 silly audit   '@radix-ui/react-focus-scope': [ '1.1.7' ],
44 silly audit   '@radix-ui/react-id': [ '1.1.1' ],
44 silly audit   '@radix-ui/react-label': [ '2.1.8' ],
44 silly audit   '@radix-ui/react-menu': [ '2.1.16' ],
44 silly audit   '@radix-ui/react-popper': [ '1.2.8' ],
44 silly audit   '@radix-ui/react-portal': [ '1.1.9' ],
44 silly audit   '@radix-ui/react-presence': [ '1.1.5' ],
44 silly audit   '@radix-ui/react-roving-focus': [ '1.1.11' ],
44 silly audit   '@radix-ui/react-use-callback-ref': [ '1.1.1' ],
44 silly audit   '@radix-ui/react-use-controllable-state': [ '1.2.2' ],
44 silly audit   '@radix-ui/react-use-effect-event': [ '0.0.2' ],
44 silly audit   '@radix-ui/react-use-escape-keydown': [ '1.1.1' ],
44 silly audit   '@radix-ui/react-use-is-hydrated': [ '0.1.0' ],
44 silly audit   '@radix-ui/react-use-layout-effect': [ '1.1.1' ],
44 silly audit   '@radix-ui/react-use-rect': [ '1.1.1' ],
44 silly audit   '@radix-ui/react-use-size': [ '1.1.1' ],
44 silly audit   '@radix-ui/rect': [ '1.1.1' ],
44 silly audit   '@rtsao/scc': [ '1.1.0' ],
44 silly audit   '@standard-schema/utils': [ '0.3.0' ],
44 silly audit   '@swc/helpers': [ '0.5.15' ],
44 silly audit   '@tailwindcss/node': [ '4.1.17' ],
44 silly audit   '@tailwindcss/oxide': [ '4.1.17' ],
44 silly audit   '@tailwindcss/oxide-android-arm64': [ '4.1.17' ],
44 silly audit   '@tailwindcss/oxide-darwin-arm64': [ '4.1.17' ],
44 silly audit   '@tailwindcss/oxide-darwin-x64': [ '4.1.17' ],
44 silly audit   '@tailwindcss/oxide-freebsd-x64': [ '4.1.17' ],
44 silly audit   '@tailwindcss/oxide-linux-arm-gnueabihf': [ '4.1.17' ],
44 silly audit   '@tailwindcss/oxide-linux-arm64-gnu': [ '4.1.17' ],
44 silly audit   '@tailwindcss/oxide-linux-arm64-musl': [ '4.1.17' ],
44 silly audit   '@tailwindcss/oxide-linux-x64-gnu': [ '4.1.17' ],
44 silly audit   '@tailwindcss/oxide-linux-x64-musl': [ '4.1.17' ],
44 silly audit   '@tailwindcss/oxide-win32-arm64-msvc': [ '4.1.17' ],
44 silly audit   '@tailwindcss/oxide-win32-x64-msvc': [ '4.1.17' ],
44 silly audit   '@tailwindcss/postcss': [ '4.1.17' ],
44 silly audit   '@tybys/wasm-util': [ '0.10.1' ],
44 silly audit   '@types/bcrypt': [ '6.0.0' ],
44 silly audit   '@types/estree': [ '1.0.8' ],
44 silly audit   '@types/json-schema': [ '7.0.15' ],
44 silly audit   '@types/json5': [ '0.0.29' ],
44 silly audit   '@types/node': [ '20.19.25' ],
44 silly audit   '@types/react': [ '19.2.7' ],
44 silly audit   '@types/react-dom': [ '19.2.3' ],
44 silly audit   '@types/webidl-conversions': [ '7.0.3' ],
44 silly audit   '@types/whatwg-url': [ '13.0.0' ],
44 silly audit   '@typescript-eslint/eslint-plugin': [ '8.48.1' ],
44 silly audit   ignore: [ '7.0.5', '5.3.2' ],
44 silly audit   '@typescript-eslint/parser': [ '8.48.1' ],
44 silly audit   '@typescript-eslint/project-service': [ '8.48.1' ],
44 silly audit   '@typescript-eslint/scope-manager': [ '8.48.1' ],
44 silly audit   '@typescript-eslint/tsconfig-utils': [ '8.48.1' ],
44 silly audit   '@typescript-eslint/type-utils': [ '8.48.1' ],
44 silly audit   '@typescript-eslint/types': [ '8.48.1' ],
44 silly audit   '@typescript-eslint/typescript-estree': [ '8.48.1' ],
44 silly audit   'brace-expansion': [ '2.0.2', '1.1.12' ],
44 silly audit   minimatch: [ '9.0.5', '3.1.2' ],
44 silly audit   semver: [ '7.7.3', '6.3.1' ],
44 silly audit   '@typescript-eslint/utils': [ '8.48.1' ],
44 silly audit   '@typescript-eslint/visitor-keys': [ '8.48.1' ],
44 silly audit   '@unrs/resolver-binding-android-arm-eabi': [ '1.11.1' ],
44 silly audit   '@unrs/resolver-binding-android-arm64': [ '1.11.1' ],
44 silly audit   '@unrs/resolver-binding-darwin-arm64': [ '1.11.1' ],
44 silly audit   '@unrs/resolver-binding-darwin-x64': [ '1.11.1' ],
44 silly audit   '@unrs/resolver-binding-freebsd-x64': [ '1.11.1' ],
44 silly audit   '@unrs/resolver-binding-linux-arm-gnueabihf': [ '1.11.1' ],
44 silly audit   '@unrs/resolver-binding-linux-arm-musleabihf': [ '1.11.1' ],
44 silly audit   '@unrs/resolver-binding-linux-arm64-gnu': [ '1.11.1' ],
44 silly audit   '@unrs/resolver-binding-linux-arm64-musl': [ '1.11.1' ],
44 silly audit   '@unrs/resolver-binding-linux-ppc64-gnu': [ '1.11.1' ],
44 silly audit   '@unrs/resolver-binding-linux-riscv64-gnu': [ '1.11.1' ],
44 silly audit   '@unrs/resolver-binding-linux-riscv64-musl': [ '1.11.1' ],
44 silly audit   '@unrs/resolver-binding-linux-s390x-gnu': [ '1.11.1' ],
44 silly audit   '@unrs/resolver-binding-linux-x64-gnu': [ '1.11.1' ],
44 silly audit   '@unrs/resolver-binding-linux-x64-musl': [ '1.11.1' ],
44 silly audit   '@unrs/resolver-binding-wasm32-wasi': [ '1.11.1' ],
44 silly audit   '@unrs/resolver-binding-win32-arm64-msvc': [ '1.11.1' ],
44 silly audit   '@unrs/resolver-binding-win32-ia32-msvc': [ '1.11.1' ],
44 silly audit   '@unrs/resolver-binding-win32-x64-msvc': [ '1.11.1' ],
44 silly audit   acorn: [ '8.15.0' ],
44 silly audit   'acorn-jsx': [ '5.3.2' ],
44 silly audit   ajv: [ '6.12.6' ],
44 silly audit   'ansi-styles': [ '4.3.0' ],
44 silly audit   argparse: [ '2.0.1' ],
44 silly audit   'aria-hidden': [ '1.2.6' ],
44 silly audit   'aria-query': [ '5.3.2' ],
44 silly audit   'array-buffer-byte-length': [ '1.0.2' ],
44 silly audit   'array-includes': [ '3.1.9' ],
44 silly audit   'array.prototype.findlast': [ '1.2.5' ],
44 silly audit   'array.prototype.findlastindex': [ '1.2.6' ],
44 silly audit   'array.prototype.flat': [ '1.3.3' ],
44 silly audit   'array.prototype.flatmap': [ '1.3.3' ],
44 silly audit   'array.prototype.tosorted': [ '1.1.4' ],
44 silly audit   'arraybuffer.prototype.slice': [ '1.0.4' ],
44 silly audit   'ast-types-flow': [ '0.0.8' ],
44 silly audit   'async-function': [ '1.0.0' ],
44 silly audit   'available-typed-arrays': [ '1.0.7' ],
44 silly audit   'axe-core': [ '4.11.0' ],
44 silly audit   'axobject-query': [ '4.1.0' ],
44 silly audit   'balanced-match': [ '1.0.2' ],
44 silly audit   'baseline-browser-mapping': [ '2.9.3' ],
44 silly audit   bcrypt: [ '6.0.0' ],
44 silly audit   braces: [ '3.0.3' ],
44 silly audit   browserslist: [ '4.28.1' ],
44 silly audit   bson: [ '7.0.0' ],
44 silly audit   'call-bind': [ '1.0.8' ],
44 silly audit   'call-bind-apply-helpers': [ '1.0.2' ],
44 silly audit   'call-bound': [ '1.0.4' ],
44 silly audit   callsites: [ '3.1.0' ],
44 silly audit   'caniuse-lite': [ '1.0.30001759' ],
44 silly audit   chalk: [ '4.1.2' ],
44 silly audit   'class-variance-authority': [ '0.7.1' ],
44 silly audit   'client-only': [ '0.0.1' ],
44 silly audit   clsx: [ '2.1.1' ],
44 silly audit   'color-convert': [ '2.0.1' ],
44 silly audit   'color-name': [ '1.1.4' ],
44 silly audit   'concat-map': [ '0.0.1' ],
44 silly audit   'convert-source-map': [ '2.0.0' ],
44 silly audit   cookie: [ '0.7.2' ],
44 silly audit   'cross-spawn': [ '7.0.6' ],
44 silly audit   csstype: [ '3.2.3' ],
44 silly audit   'damerau-levenshtein': [ '1.0.8' ],
44 silly audit   'data-view-buffer': [ '1.0.2' ],
44 silly audit   'data-view-byte-length': [ '1.0.2' ],
44 silly audit   'data-view-byte-offset': [ '1.0.1' ],
44 silly audit   'date-fns': [ '4.1.0' ],
44 silly audit   debug: [ '4.4.3', '3.2.7' ],
44 silly audit   'deep-is': [ '0.1.4' ],
44 silly audit   'define-data-property': [ '1.1.4' ],
44 silly audit   'define-properties': [ '1.2.1' ],
44 silly audit   'detect-libc': [ '2.1.2' ],
44 silly audit   'detect-node-es': [ '1.1.0' ],
44 silly audit   doctrine: [ '2.1.0' ],
44 silly audit   dotenv: [ '17.2.3' ],
44 silly audit   'dunder-proto': [ '1.0.1' ],
44 silly audit   'electron-to-chromium': [ '1.5.266' ],
44 silly audit   'emoji-regex': [ '9.2.2' ],
44 silly audit   'enhanced-resolve': [ '5.18.3' ],
44 silly audit   'es-abstract': [ '1.24.0' ],
44 silly audit   'es-define-property': [ '1.0.1' ],
44 silly audit   'es-errors': [ '1.3.0' ],
44 silly audit   'es-iterator-helpers': [ '1.2.1' ],
44 silly audit   'es-object-atoms': [ '1.1.1' ],
44 silly audit   'es-set-tostringtag': [ '2.1.0' ],
44 silly audit   'es-shim-unscopables': [ '1.1.0' ],
44 silly audit   'es-to-primitive': [ '1.3.0' ],
44 silly audit   escalade: [ '3.2.0' ],
44 silly audit   'escape-string-regexp': [ '4.0.0' ],
44 silly audit   eslint: [ '9.39.1' ],
44 silly audit   'eslint-config-next': [ '16.0.7' ],
44 silly audit   globals: [ '16.4.0', '14.0.0' ],
44 silly audit   'eslint-import-resolver-node': [ '0.3.9' ],
44 silly audit   'eslint-import-resolver-typescript': [ '3.10.1' ],
44 silly audit   'eslint-module-utils': [ '2.12.1' ],
44 silly audit   'eslint-plugin-import': [ '2.32.0' ],
44 silly audit   'eslint-plugin-jsx-a11y': [ '6.10.2' ],
44 silly audit   'eslint-plugin-react': [ '7.37.5' ],
44 silly audit   'eslint-plugin-react-hooks': [ '7.0.1' ],
44 silly audit   resolve: [ '2.0.0-next.5', '1.22.11' ],
44 silly audit   'eslint-scope': [ '8.4.0' ],
44 silly audit   espree: [ '10.4.0' ],
44 silly audit   esquery: [ '1.6.0' ],
44 silly audit   esrecurse: [ '4.3.0' ],
44 silly audit   estraverse: [ '5.3.0' ],
44 silly audit   esutils: [ '2.0.3' ],
44 silly audit   'fast-deep-equal': [ '3.1.3' ],
44 silly audit   'fast-glob': [ '3.3.1' ],
44 silly audit   'glob-parent': [ '5.1.2', '6.0.2' ],
44 silly audit   'fast-json-stable-stringify': [ '2.1.0' ],
44 silly audit   'fast-levenshtein': [ '2.0.6' ],
44 silly audit   fastq: [ '1.19.1' ],
44 silly audit   fdir: [ '6.5.0' ],
44 silly audit   'file-entry-cache': [ '8.0.0' ],
44 silly audit   'fill-range': [ '7.1.1' ],
44 silly audit   'find-up': [ '5.0.0' ],
44 silly audit   'flat-cache': [ '4.0.1' ],
44 silly audit   flatted: [ '3.3.3' ],
44 silly audit   'for-each': [ '0.3.5' ],
44 silly audit   'function-bind': [ '1.1.2' ],
44 silly audit   'function.prototype.name': [ '1.1.8' ],
44 silly audit   'functions-have-names': [ '1.2.3' ],
44 silly audit   'generator-function': [ '2.0.1' ],
44 silly audit   gensync: [ '1.0.0-beta.2' ],
44 silly audit   'get-intrinsic': [ '1.3.0' ],
44 silly audit   'get-nonce': [ '1.0.1' ],
44 silly audit   'get-proto': [ '1.0.1' ],
44 silly audit   'get-symbol-description': [ '1.1.0' ],
44 silly audit   'get-tsconfig': [ '4.13.0' ],
44 silly audit   globalthis: [ '1.0.4' ],
44 silly audit   gopd: [ '1.2.0' ],
44 silly audit   'graceful-fs': [ '4.2.11' ],
44 silly audit   graphemer: [ '1.4.0' ],
44 silly audit   'has-bigints': [ '1.1.0' ],
44 silly audit   'has-flag': [ '4.0.0' ],
44 silly audit   'has-property-descriptors': [ '1.0.2' ],
44 silly audit   'has-proto': [ '1.2.0' ],
44 silly audit   'has-symbols': [ '1.1.0' ],
44 silly audit   'has-tostringtag': [ '1.0.2' ],
44 silly audit   hasown: [ '2.0.2' ],
44 silly audit   'hermes-estree': [ '0.25.1' ],
44 silly audit   'hermes-parser': [ '0.25.1' ],
44 silly audit   'import-fresh': [ '3.3.1' ],
44 silly audit   imurmurhash: [ '0.1.4' ],
44 silly audit   'internal-slot': [ '1.1.0' ],
44 silly audit   'is-array-buffer': [ '3.0.5' ],
44 silly audit   'is-async-function': [ '2.1.1' ],
44 silly audit   'is-bigint': [ '1.1.0' ],
44 silly audit   'is-boolean-object': [ '1.2.2' ],
44 silly audit   'is-bun-module': [ '2.0.0' ],
44 silly audit   'is-callable': [ '1.2.7' ],
44 silly audit   'is-core-module': [ '2.16.1' ],
44 silly audit   'is-data-view': [ '1.0.2' ],
44 silly audit   'is-date-object': [ '1.1.0' ],
44 silly audit   'is-extglob': [ '2.1.1' ],
44 silly audit   'is-finalizationregistry': [ '1.1.1' ],
44 silly audit   'is-generator-function': [ '1.1.2' ],
44 silly audit   'is-glob': [ '4.0.3' ],
44 silly audit   'is-map': [ '2.0.3' ],
44 silly audit   'is-negative-zero': [ '2.0.3' ],
44 silly audit   'is-number': [ '7.0.0' ],
44 silly audit   'is-number-object': [ '1.1.1' ],
44 silly audit   'is-regex': [ '1.2.1' ],
44 silly audit   'is-set': [ '2.0.3' ],
44 silly audit   'is-shared-array-buffer': [ '1.0.4' ],
44 silly audit   'is-string': [ '1.1.1' ],
44 silly audit   'is-symbol': [ '1.1.1' ],
44 silly audit   'is-typed-array': [ '1.1.15' ],
44 silly audit   'is-weakmap': [ '2.0.2' ],
44 silly audit   'is-weakref': [ '1.1.1' ],
44 silly audit   'is-weakset': [ '2.0.4' ],
44 silly audit   isarray: [ '2.0.5' ],
44 silly audit   isexe: [ '2.0.0' ],
44 silly audit   'iterator.prototype': [ '1.1.5' ],
44 silly audit   jiti: [ '2.6.1' ],
44 silly audit   jose: [ '4.15.9' ],
44 silly audit   'js-tokens': [ '4.0.0' ],
44 silly audit   'js-yaml': [ '4.1.1' ],
44 silly audit   jsesc: [ '3.1.0' ],
44 silly audit   'json-buffer': [ '3.0.1' ],
44 silly audit   'json-schema-traverse': [ '0.4.1' ],
44 silly audit   'json-stable-stringify-without-jsonify': [ '1.0.1' ],
44 silly audit   json5: [ '2.2.3', '1.0.2' ],
44 silly audit   'jsx-ast-utils': [ '3.3.5' ],
44 silly audit   kareem: [ '3.0.0' ],
44 silly audit   keyv: [ '4.5.4' ],
44 silly audit   'language-subtag-registry': [ '0.3.23' ],
44 silly audit   'language-tags': [ '1.0.9' ],
44 silly audit   levn: [ '0.4.1' ],
44 silly audit   lightningcss: [ '1.30.2' ],
44 silly audit   'lightningcss-android-arm64': [ '1.30.2' ],
44 silly audit   'lightningcss-darwin-arm64': [ '1.30.2' ],
44 silly audit   'lightningcss-darwin-x64': [ '1.30.2' ],
44 silly audit   'lightningcss-freebsd-x64': [ '1.30.2' ],
44 silly audit   'lightningcss-linux-arm-gnueabihf': [ '1.30.2' ],
44 silly audit   'lightningcss-linux-arm64-gnu': [ '1.30.2' ],
44 silly audit   'lightningcss-linux-arm64-musl': [ '1.30.2' ],
44 silly audit   'lightningcss-linux-x64-gnu': [ '1.30.2' ],
44 silly audit   'lightningcss-linux-x64-musl': [ '1.30.2' ],
44 silly audit   'lightningcss-win32-arm64-msvc': [ '1.30.2' ],
44 silly audit   'lightningcss-win32-x64-msvc': [ '1.30.2' ],
44 silly audit   'locate-path': [ '6.0.0' ],
44 silly audit   'lodash.merge': [ '4.6.2' ],
44 silly audit   'loose-envify': [ '1.4.0' ],
44 silly audit   'lru-cache': [ '5.1.1', '6.0.0' ],
44 silly audit   'lucide-react': [ '0.556.0' ],
44 silly audit   'magic-string': [ '0.30.21' ],
44 silly audit   'math-intrinsics': [ '1.1.0' ],
44 silly audit   'memory-pager': [ '1.5.0' ],
44 silly audit   merge2: [ '1.4.1' ],
44 silly audit   micromatch: [ '4.0.8' ],
44 silly audit   picomatch: [ '2.3.1', '4.0.3' ],
44 silly audit   minimist: [ '1.2.8' ],
44 silly audit   mongodb: [ '7.0.0' ],
44 silly audit   'mongodb-connection-string-url': [ '7.0.0' ],
44 silly audit   mongoose: [ '9.0.1' ],
44 silly audit   mpath: [ '0.9.0' ],
44 silly audit   mquery: [ '6.0.0' ],
44 silly audit   ms: [ '2.1.3' ],
44 silly audit   nanoid: [ '3.3.11' ],
44 silly audit   'napi-postinstall': [ '0.3.4' ],
44 silly audit   'natural-compare': [ '1.4.0' ],
44 silly audit   next: [ '16.0.7' ],
44 silly audit   'next-auth': [ '4.24.13' ],
44 silly audit   'next-themes': [ '0.4.6' ],
44 silly audit   postcss: [ '8.4.31', '8.5.6' ],
44 silly audit   'node-addon-api': [ '8.5.0' ],
44 silly audit   'node-gyp-build': [ '4.8.4' ],
44 silly audit   'node-releases': [ '2.0.27' ],
44 silly audit   oauth: [ '0.9.15' ],
44 silly audit   'object-assign': [ '4.1.1' ],
44 silly audit   'object-hash': [ '2.2.0' ],
44 silly audit   'object-inspect': [ '1.13.4' ],
44 silly audit   'object-keys': [ '1.1.1' ],
44 silly audit   'object.assign': [ '4.1.7' ],
44 silly audit   'object.entries': [ '1.1.9' ],
44 silly audit   'object.fromentries': [ '2.0.8' ],
44 silly audit   'object.groupby': [ '1.0.3' ],
44 silly audit   'object.values': [ '1.2.1' ],
44 silly audit   'oidc-token-hash': [ '5.2.0' ],
44 silly audit   'openid-client': [ '5.7.1' ],
44 silly audit   yallist: [ '4.0.0', '3.1.1' ],
44 silly audit   optionator: [ '0.9.4' ],
44 silly audit   'own-keys': [ '1.0.1' ],
44 silly audit   'p-limit': [ '3.1.0' ],
44 silly audit   'p-locate': [ '5.0.0' ],
44 silly audit   'parent-module': [ '1.0.1' ],
44 silly audit   'path-exists': [ '4.0.0' ],
44 silly audit   'path-key': [ '3.1.1' ],
44 silly audit   'path-parse': [ '1.0.7' ],
44 silly audit   picocolors: [ '1.1.1' ],
44 silly audit   'possible-typed-array-names': [ '1.1.0' ],
44 silly audit   preact: [ '10.28.0' ],
44 silly audit   'preact-render-to-string': [ '5.2.6' ],
44 silly audit   'prelude-ls': [ '1.2.1' ],
44 silly audit   'pretty-format': [ '3.8.0' ],
44 silly audit   'prop-types': [ '15.8.1' ],
44 silly audit   punycode: [ '2.3.1' ],
44 silly audit   'queue-microtask': [ '1.2.3' ],
44 silly audit   react: [ '19.2.0' ],
44 silly audit   'react-dom': [ '19.2.0' ],
44 silly audit   'react-hook-form': [ '7.68.0' ],
44 silly audit   'react-is': [ '16.13.1' ],
44 silly audit   'react-remove-scroll': [ '2.7.2' ],
44 silly audit   'react-remove-scroll-bar': [ '2.3.8' ],
44 silly audit   'react-style-singleton': [ '2.2.3' ],
44 silly audit   'reflect.getprototypeof': [ '1.0.10' ],
44 silly audit   'regexp.prototype.flags': [ '1.5.4' ],
44 silly audit   'resolve-from': [ '4.0.0' ],
44 silly audit   'resolve-pkg-maps': [ '1.0.0' ],
44 silly audit   reusify: [ '1.1.0' ],
44 silly audit   'run-parallel': [ '1.2.0' ],
44 silly audit   'safe-array-concat': [ '1.1.3' ],
44 silly audit   'safe-push-apply': [ '1.0.0' ],
44 silly audit   'safe-regex-test': [ '1.1.0' ],
44 silly audit   scheduler: [ '0.27.0' ],
44 silly audit   'set-function-length': [ '1.2.2' ],
44 silly audit   'set-function-name': [ '2.0.2' ],
44 silly audit   'set-proto': [ '1.0.0' ],
44 silly audit   sharp: [ '0.34.5' ],
44 silly audit   'shebang-command': [ '2.0.0' ],
44 silly audit   'shebang-regex': [ '3.0.0' ],
44 silly audit   'side-channel': [ '1.1.0' ],
44 silly audit   'side-channel-list': [ '1.0.0' ],
44 silly audit   'side-channel-map': [ '1.0.1' ],
44 silly audit   'side-channel-weakmap': [ '1.0.2' ],
44 silly audit   sift: [ '17.1.3' ],
44 silly audit   sonner: [ '2.0.7' ],
44 silly audit   'source-map-js': [ '1.2.1' ],
44 silly audit   'sparse-bitfield': [ '3.0.3' ],
44 silly audit   'stable-hash': [ '0.0.5' ],
44 silly audit   'stop-iteration-iterator': [ '1.1.0' ],
44 silly audit   'string.prototype.includes': [ '2.0.1' ],
44 silly audit   'string.prototype.matchall': [ '4.0.12' ],
44 silly audit   'string.prototype.repeat': [ '1.0.0' ],
44 silly audit   'string.prototype.trim': [ '1.2.10' ],
44 silly audit   'string.prototype.trimend': [ '1.0.9' ],
44 silly audit   'string.prototype.trimstart': [ '1.0.8' ],
44 silly audit   'strip-bom': [ '3.0.0' ],
44 silly audit   'strip-json-comments': [ '3.1.1' ],
44 silly audit   'styled-jsx': [ '5.1.6' ],
44 silly audit   'supports-color': [ '7.2.0' ],
44 silly audit   'supports-preserve-symlinks-flag': [ '1.0.0' ],
44 silly audit   'tailwind-merge': [ '3.4.0' ],
44 silly audit   tailwindcss: [ '4.1.17' ],
44 silly audit   tapable: [ '2.3.0' ],
44 silly audit   tinyglobby: [ '0.2.15' ],
44 silly audit   'to-regex-range': [ '5.0.1' ],
44 silly audit   tr46: [ '5.1.1' ],
44 silly audit   'ts-api-utils': [ '2.1.0' ],
44 silly audit   'tsconfig-paths': [ '3.15.0' ],
44 silly audit   tslib: [ '2.8.1' ],
44 silly audit   'tw-animate-css': [ '1.4.0' ],
44 silly audit   'type-check': [ '0.4.0' ],
44 silly audit   'typed-array-buffer': [ '1.0.3' ],
44 silly audit   'typed-array-byte-length': [ '1.0.3' ],
44 silly audit   'typed-array-byte-offset': [ '1.0.4' ],
44 silly audit   'typed-array-length': [ '1.0.7' ],
44 silly audit   typescript: [ '5.9.3' ],
44 silly audit   'typescript-eslint': [ '8.48.1' ],
44 silly audit   'unbox-primitive': [ '1.1.0' ],
44 silly audit   'undici-types': [ '6.21.0' ],
44 silly audit   'unrs-resolver': [ '1.11.1' ],
44 silly audit   'update-browserslist-db': [ '1.2.2' ],
44 silly audit   'uri-js': [ '4.4.1' ],
44 silly audit   'use-callback-ref': [ '1.3.3' ],
44 silly audit   'use-sidecar': [ '1.1.3' ],
44 silly audit   'use-sync-external-store': [ '1.6.0' ],
44 silly audit   uuid: [ '8.3.2' ],
44 silly audit   'webidl-conversions': [ '7.0.0' ],
44 silly audit   'whatwg-url': [ '14.2.0' ],
44 silly audit   which: [ '2.0.2' ],
44 silly audit   'which-boxed-primitive': [ '1.1.1' ],
44 silly audit   'which-builtin-type': [ '1.2.1' ],
44 silly audit   'which-collection': [ '1.0.2' ],
44 silly audit   'which-typed-array': [ '1.1.19' ],
44 silly audit   'word-wrap': [ '1.2.5' ],
44 silly audit   'yocto-queue': [ '0.1.0' ],
44 silly audit   zod: [ '4.1.13' ],
44 silly audit   'zod-validation-error': [ '4.0.2' ],
44 silly audit   cloudinary: [ '1.41.3' ],
44 silly audit   'cloudinary-core': [ '2.14.0' ],
44 silly audit   lodash: [ '4.17.23' ],
44 silly audit   'core-js': [ '3.48.0' ],
44 silly audit   q: [ '1.5.1' ],
44 silly audit   '@tailwindcss/oxide-wasm32-wasi': [ '4.1.17' ]
44 silly audit }
45 verbose reify failed optional dependency /Volumes/WEB COURSE/Projects/printing-house/printing-house/node_modules/lightningcss-win32-x64-msvc
46 silly reify mark deleted [
46 silly reify   '/Volumes/WEB COURSE/Projects/printing-house/printing-house/node_modules/lightningcss-win32-x64-msvc'
46 silly reify ]
47 verbose reify failed optional dependency /Volumes/WEB COURSE/Projects/printing-house/printing-house/node_modules/lightningcss-win32-arm64-msvc
48 silly reify mark deleted [
48 silly reify   '/Volumes/WEB COURSE/Projects/printing-house/printing-house/node_modules/lightningcss-win32-arm64-msvc'
48 silly reify ]
49 verbose reify failed optional dependency /Volumes/WEB COURSE/Projects/printing-house/printing-house/node_modules/lightningcss-linux-x64-musl
50 silly reify mark deleted [
50 silly reify   '/Volumes/WEB COURSE/Projects/printing-house/printing-house/node_modules/lightningcss-linux-x64-musl'
50 silly reify ]
51 verbose reify failed optional dependency /Volumes/WEB COURSE/Projects/printing-house/printing-house/node_modules/lightningcss-linux-x64-gnu
52 silly reify mark deleted [
52 silly reify   '/Volumes/WEB COURSE/Projects/printing-house/printing-house/node_modules/lightningcss-linux-x64-gnu'
52 silly reify ]
53 verbose reify failed optional dependency /Volumes/WEB COURSE/Projects/printing-house/printing-house/node_modules/lightningcss-linux-arm64-musl
54 silly reify mark deleted [
54 silly reify   '/Volumes/WEB COURSE/Projects/printing-house/printing-house/node_modules/lightningcss-linux-arm64-musl'
54 silly reify ]
55 verbose reify failed optional dependency /Volumes/WEB COURSE/Projects/printing-house/printing-house/node_modules/lightningcss-linux-arm64-gnu
56 silly reify mark deleted [
56 silly reify   '/Volumes/WEB COURSE/Projects/printing-house/printing-house/node_modules/lightningcss-linux-arm64-gnu'
56 silly reify ]
57 verbose reify failed optional dependency /Volumes/WEB COURSE/Projects/printing-house/printing-house/node_modules/lightningcss-linux-arm-gnueabihf
58 silly reify mark deleted [
58 silly reify   '/Volumes/WEB COURSE/Projects/printing-house/printing-house/node_modules/lightningcss-linux-arm-gnueabihf'
58 silly reify ]
59 verbose reify failed optional dependency /Volumes/WEB COURSE/Projects/printing-house/printing-house/node_modules/lightningcss-freebsd-x64
60 silly reify mark deleted [
60 silly reify   '/Volumes/WEB COURSE/Projects/printing-house/printing-house/node_modules/lightningcss-freebsd-x64'
60 silly reify ]
61 verbose reify failed optional dependency /Volumes/WEB COURSE/Projects/printing-house/printing-house/node_modules/lightningcss-darwin-arm64
62 silly reify mark deleted [
62 silly reify   '/Volumes/WEB COURSE/Projects/printing-house/printing-house/node_modules/lightningcss-darwin-arm64'
62 silly reify ]
63 verbose reify failed optional dependency /Volumes/WEB COURSE/Projects/printing-house/printing-house/node_modules/lightningcss-android-arm64
64 silly reify mark deleted [
64 silly reify   '/Volumes/WEB COURSE/Projects/printing-house/printing-house/node_modules/lightningcss-android-arm64'
64 silly reify ]
65 verbose reify failed optional dependency /Volumes/WEB COURSE/Projects/printing-house/printing-house/node_modules/@unrs/resolver-binding-win32-x64-msvc
66 silly reify mark deleted [
66 silly reify   '/Volumes/WEB COURSE/Projects/printing-house/printing-house/node_modules/@unrs/resolver-binding-win32-x64-msvc'
66 silly reify ]
67 verbose reify failed optional dependency /Volumes/WEB COURSE/Projects/printing-house/printing-house/node_modules/@unrs/resolver-binding-win32-ia32-msvc
68 silly reify mark deleted [
68 silly reify   '/Volumes/WEB COURSE/Projects/printing-house/printing-house/node_modules/@unrs/resolver-binding-win32-ia32-msvc'
68 silly reify ]
69 verbose reify failed optional dependency /Volumes/WEB COURSE/Projects/printing-house/printing-house/node_modules/@unrs/resolver-binding-win32-arm64-msvc
70 silly reify mark deleted [
70 silly reify   '/Volumes/WEB COURSE/Projects/printing-house/printing-house/node_modules/@unrs/resolver-binding-win32-arm64-msvc'
70 silly reify ]
71 verbose reify failed optional dependency /Volumes/WEB COURSE/Projects/printing-house/printing-house/node_modules/@unrs/resolver-binding-wasm32-wasi
72 silly reify mark deleted [
72 silly reify   '/Volumes/WEB COURSE/Projects/printing-house/printing-house/node_modules/@unrs/resolver-binding-wasm32-wasi'
72 silly reify ]
73 verbose reify failed optional dependency /Volumes/WEB COURSE/Projects/printing-house/printing-house/node_modules/@unrs/resolver-binding-linux-x64-musl
74 silly reify mark deleted [
74 silly reify   '/Volumes/WEB COURSE/Projects/printing-house/printing-house/node_modules/@unrs/resolver-binding-linux-x64-musl'
74 silly reify ]
75 verbose reify failed optional dependency /Volumes/WEB COURSE/Projects/printing-house/printing-house/node_modules/@unrs/resolver-binding-linux-x64-gnu
76 silly reify mark deleted [
76 silly reify   '/Volumes/WEB COURSE/Projects/printing-house/printing-house/node_modules/@unrs/resolver-binding-linux-x64-gnu'
76 silly reify ]
77 verbose reify failed optional dependency /Volumes/WEB COURSE/Projects/printing-house/printing-house/node_modules/@unrs/resolver-binding-linux-s390x-gnu
78 silly reify mark deleted [
78 silly reify   '/Volumes/WEB COURSE/Projects/printing-house/printing-house/node_modules/@unrs/resolver-binding-linux-s390x-gnu'
78 silly reify ]
79 verbose reify failed optional dependency /Volumes/WEB COURSE/Projects/printing-house/printing-house/node_modules/@unrs/resolver-binding-linux-riscv64-musl
80 silly reify mark deleted [
80 silly reify   '/Volumes/WEB COURSE/Projects/printing-house/printing-house/node_modules/@unrs/resolver-binding-linux-riscv64-musl'
80 silly reify ]
81 verbose reify failed optional dependency /Volumes/WEB COURSE/Projects/printing-house/printing-house/node_modules/@unrs/resolver-binding-linux-riscv64-gnu
82 silly reify mark deleted [
82 silly reify   '/Volumes/WEB COURSE/Projects/printing-house/printing-house/node_modules/@unrs/resolver-binding-linux-riscv64-gnu'
82 silly reify ]
83 verbose reify failed optional dependency /Volumes/WEB COURSE/Projects/printing-house/printing-house/node_modules/@unrs/resolver-binding-linux-ppc64-gnu
84 silly reify mark deleted [
84 silly reify   '/Volumes/WEB COURSE/Projects/printing-house/printing-house/node_modules/@unrs/resolver-binding-linux-ppc64-gnu'
84 silly reify ]
85 verbose reify failed optional dependency /Volumes/WEB COURSE/Projects/printing-house/printing-house/node_modules/@unrs/resolver-binding-linux-arm64-musl
86 silly reify mark deleted [
86 silly reify   '/Volumes/WEB COURSE/Projects/printing-house/printing-house/node_modules/@unrs/resolver-binding-linux-arm64-musl'
86 silly reify ]
87 verbose reify failed optional dependency /Volumes/WEB COURSE/Projects/printing-house/printing-house/node_modules/@unrs/resolver-binding-linux-arm64-gnu
88 silly reify mark deleted [
88 silly reify   '/Volumes/WEB COURSE/Projects/printing-house/printing-house/node_modules/@unrs/resolver-binding-linux-arm64-gnu'
88 silly reify ]
89 verbose reify failed optional dependency /Volumes/WEB COURSE/Projects/printing-house/printing-house/node_modules/@unrs/resolver-binding-linux-arm-musleabihf
90 silly reify mark deleted [
90 silly reify   '/Volumes/WEB COURSE/Projects/printing-house/printing-house/node_modules/@unrs/resolver-binding-linux-arm-musleabihf'
90 silly reify ]
91 verbose reify failed optional dependency /Volumes/WEB COURSE/Projects/printing-house/printing-house/node_modules/@unrs/resolver-binding-linux-arm-gnueabihf
92 silly reify mark deleted [
92 silly reify   '/Volumes/WEB COURSE/Projects/printing-house/printing-house/node_modules/@unrs/resolver-binding-linux-arm-gnueabihf'
92 silly reify ]
93 verbose reify failed optional dependency /Volumes/WEB COURSE/Projects/printing-house/printing-house/node_modules/@unrs/resolver-binding-freebsd-x64
94 silly reify mark deleted [
94 silly reify   '/Volumes/WEB COURSE/Projects/printing-house/printing-house/node_modules/@unrs/resolver-binding-freebsd-x64'
94 silly reify ]
95 verbose reify failed optional dependency /Volumes/WEB COURSE/Projects/printing-house/printing-house/node_modules/@unrs/resolver-binding-darwin-arm64
96 silly reify mark deleted [
96 silly reify   '/Volumes/WEB COURSE/Projects/printing-house/printing-house/node_modules/@unrs/resolver-binding-darwin-arm64'
96 silly reify ]
97 verbose reify failed optional dependency /Volumes/WEB COURSE/Projects/printing-house/printing-house/node_modules/@unrs/resolver-binding-android-arm64
98 silly reify mark deleted [
98 silly reify   '/Volumes/WEB COURSE/Projects/printing-house/printing-house/node_modules/@unrs/resolver-binding-android-arm64'
98 silly reify ]
99 verbose reify failed optional dependency /Volumes/WEB COURSE/Projects/printing-house/printing-house/node_modules/@unrs/resolver-binding-android-arm-eabi
100 silly reify mark deleted [
100 silly reify   '/Volumes/WEB COURSE/Projects/printing-house/printing-house/node_modules/@unrs/resolver-binding-android-arm-eabi'
100 silly reify ]
101 verbose reify failed optional dependency /Volumes/WEB COURSE/Projects/printing-house/printing-house/node_modules/@tailwindcss/oxide-win32-x64-msvc
102 silly reify mark deleted [
102 silly reify   '/Volumes/WEB COURSE/Projects/printing-house/printing-house/node_modules/@tailwindcss/oxide-win32-x64-msvc'
102 silly reify ]
103 verbose reify failed optional dependency /Volumes/WEB COURSE/Projects/printing-house/printing-house/node_modules/@tailwindcss/oxide-win32-arm64-msvc
104 silly reify mark deleted [
104 silly reify   '/Volumes/WEB COURSE/Projects/printing-house/printing-house/node_modules/@tailwindcss/oxide-win32-arm64-msvc'
104 silly reify ]
105 verbose reify failed optional dependency /Volumes/WEB COURSE/Projects/printing-house/printing-house/node_modules/@tailwindcss/oxide-linux-x64-musl
106 silly reify mark deleted [
106 silly reify   '/Volumes/WEB COURSE/Projects/printing-house/printing-house/node_modules/@tailwindcss/oxide-linux-x64-musl'
106 silly reify ]
107 verbose reify failed optional dependency /Volumes/WEB COURSE/Projects/printing-house/printing-house/node_modules/@tailwindcss/oxide-linux-x64-gnu
108 silly reify mark deleted [
108 silly reify   '/Volumes/WEB COURSE/Projects/printing-house/printing-house/node_modules/@tailwindcss/oxide-linux-x64-gnu'
108 silly reify ]
109 verbose reify failed optional dependency /Volumes/WEB COURSE/Projects/printing-house/printing-house/node_modules/@tailwindcss/oxide-linux-arm64-musl
110 silly reify mark deleted [
110 silly reify   '/Volumes/WEB COURSE/Projects/printing-house/printing-house/node_modules/@tailwindcss/oxide-linux-arm64-musl'
110 silly reify ]
111 verbose reify failed optional dependency /Volumes/WEB COURSE/Projects/printing-house/printing-house/node_modules/@tailwindcss/oxide-linux-arm64-gnu
112 silly reify mark deleted [
112 silly reify   '/Volumes/WEB COURSE/Projects/printing-house/printing-house/node_modules/@tailwindcss/oxide-linux-arm64-gnu'
112 silly reify ]
113 verbose reify failed optional dependency /Volumes/WEB COURSE/Projects/printing-house/printing-house/node_modules/@tailwindcss/oxide-linux-arm-gnueabihf
114 silly reify mark deleted [
114 silly reify   '/Volumes/WEB COURSE/Projects/printing-house/printing-house/node_modules/@tailwindcss/oxide-linux-arm-gnueabihf'
114 silly reify ]
115 verbose reify failed optional dependency /Volumes/WEB COURSE/Projects/printing-house/printing-house/node_modules/@tailwindcss/oxide-freebsd-x64
116 silly reify mark deleted [
116 silly reify   '/Volumes/WEB COURSE/Projects/printing-house/printing-house/node_modules/@tailwindcss/oxide-freebsd-x64'
116 silly reify ]
117 verbose reify failed optional dependency /Volumes/WEB COURSE/Projects/printing-house/printing-house/node_modules/@tailwindcss/oxide-darwin-arm64
118 silly reify mark deleted [
118 silly reify   '/Volumes/WEB COURSE/Projects/printing-house/printing-house/node_modules/@tailwindcss/oxide-darwin-arm64'
118 silly reify ]
119 verbose reify failed optional dependency /Volumes/WEB COURSE/Projects/printing-house/printing-house/node_modules/@tailwindcss/oxide-android-arm64
120 silly reify mark deleted [
120 silly reify   '/Volumes/WEB COURSE/Projects/printing-house/printing-house/node_modules/@tailwindcss/oxide-android-arm64'
120 silly reify ]
121 verbose reify failed optional dependency /Volumes/WEB COURSE/Projects/printing-house/printing-house/node_modules/@next/swc-win32-x64-msvc
122 silly reify mark deleted [
122 silly reify   '/Volumes/WEB COURSE/Projects/printing-house/printing-house/node_modules/@next/swc-win32-x64-msvc'
122 silly reify ]
123 verbose reify failed optional dependency /Volumes/WEB COURSE/Projects/printing-house/printing-house/node_modules/@next/swc-win32-arm64-msvc
124 silly reify mark deleted [
124 silly reify   '/Volumes/WEB COURSE/Projects/printing-house/printing-house/node_modules/@next/swc-win32-arm64-msvc'
124 silly reify ]
125 verbose reify failed optional dependency /Volumes/WEB COURSE/Projects/printing-house/printing-house/node_modules/@next/swc-linux-x64-musl
126 silly reify mark deleted [
126 silly reify   '/Volumes/WEB COURSE/Projects/printing-house/printing-house/node_modules/@next/swc-linux-x64-musl'
126 silly reify ]
127 verbose reify failed optional dependency /Volumes/WEB COURSE/Projects/printing-house/printing-house/node_modules/@next/swc-linux-x64-gnu
128 silly reify mark deleted [
128 silly reify   '/Volumes/WEB COURSE/Projects/printing-house/printing-house/node_modules/@next/swc-linux-x64-gnu'
128 silly reify ]
129 verbose reify failed optional dependency /Volumes/WEB COURSE/Projects/printing-house/printing-house/node_modules/@next/swc-linux-arm64-musl
130 silly reify mark deleted [
130 silly reify   '/Volumes/WEB COURSE/Projects/printing-house/printing-house/node_modules/@next/swc-linux-arm64-musl'
130 silly reify ]
131 verbose reify failed optional dependency /Volumes/WEB COURSE/Projects/printing-house/printing-house/node_modules/@next/swc-linux-arm64-gnu
132 silly reify mark deleted [
132 silly reify   '/Volumes/WEB COURSE/Projects/printing-house/printing-house/node_modules/@next/swc-linux-arm64-gnu'
132 silly reify ]
133 verbose reify failed optional dependency /Volumes/WEB COURSE/Projects/printing-house/printing-house/node_modules/@next/swc-darwin-arm64
134 silly reify mark deleted [
134 silly reify   '/Volumes/WEB COURSE/Projects/printing-house/printing-house/node_modules/@next/swc-darwin-arm64'
134 silly reify ]
135 verbose reify failed optional dependency /Volumes/WEB COURSE/Projects/printing-house/printing-house/node_modules/@img/sharp-win32-x64
136 silly reify mark deleted [
136 silly reify   '/Volumes/WEB COURSE/Projects/printing-house/printing-house/node_modules/@img/sharp-win32-x64'
136 silly reify ]
137 verbose reify failed optional dependency /Volumes/WEB COURSE/Projects/printing-house/printing-house/node_modules/@img/sharp-win32-ia32
138 silly reify mark deleted [
138 silly reify   '/Volumes/WEB COURSE/Projects/printing-house/printing-house/node_modules/@img/sharp-win32-ia32'
138 silly reify ]
139 verbose reify failed optional dependency /Volumes/WEB COURSE/Projects/printing-house/printing-house/node_modules/@img/sharp-win32-arm64
140 silly reify mark deleted [
140 silly reify   '/Volumes/WEB COURSE/Projects/printing-house/printing-house/node_modules/@img/sharp-win32-arm64'
140 silly reify ]
141 verbose reify failed optional dependency /Volumes/WEB COURSE/Projects/printing-house/printing-house/node_modules/@img/sharp-wasm32
142 silly reify mark deleted [
142 silly reify   '/Volumes/WEB COURSE/Projects/printing-house/printing-house/node_modules/@img/sharp-wasm32'
142 silly reify ]
143 verbose reify failed optional dependency /Volumes/WEB COURSE/Projects/printing-house/printing-house/node_modules/@img/sharp-linuxmusl-x64
144 silly reify mark deleted [
144 silly reify   '/Volumes/WEB COURSE/Projects/printing-house/printing-house/node_modules/@img/sharp-linuxmusl-x64'
144 silly reify ]
145 verbose reify failed optional dependency /Volumes/WEB COURSE/Projects/printing-house/printing-house/node_modules/@img/sharp-linuxmusl-arm64
146 silly reify mark deleted [
146 silly reify   '/Volumes/WEB COURSE/Projects/printing-house/printing-house/node_modules/@img/sharp-linuxmusl-arm64'
146 silly reify ]
147 verbose reify failed optional dependency /Volumes/WEB COURSE/Projects/printing-house/printing-house/node_modules/@img/sharp-linux-x64
148 silly reify mark deleted [
148 silly reify   '/Volumes/WEB COURSE/Projects/printing-house/printing-house/node_modules/@img/sharp-linux-x64'
148 silly reify ]
149 verbose reify failed optional dependency /Volumes/WEB COURSE/Projects/printing-house/printing-house/node_modules/@img/sharp-linux-s390x
150 silly reify mark deleted [
150 silly reify   '/Volumes/WEB COURSE/Projects/printing-house/printing-house/node_modules/@img/sharp-linux-s390x'
150 silly reify ]
151 verbose reify failed optional dependency /Volumes/WEB COURSE/Projects/printing-house/printing-house/node_modules/@img/sharp-linux-riscv64
152 silly reify mark deleted [
152 silly reify   '/Volumes/WEB COURSE/Projects/printing-house/printing-house/node_modules/@img/sharp-linux-riscv64'
152 silly reify ]
153 verbose reify failed optional dependency /Volumes/WEB COURSE/Projects/printing-house/printing-house/node_modules/@img/sharp-linux-ppc64
154 silly reify mark deleted [
154 silly reify   '/Volumes/WEB COURSE/Projects/printing-house/printing-house/node_modules/@img/sharp-linux-ppc64'
154 silly reify ]
155 verbose reify failed optional dependency /Volumes/WEB COURSE/Projects/printing-house/printing-house/node_modules/@img/sharp-linux-arm64
156 silly reify mark deleted [
156 silly reify   '/Volumes/WEB COURSE/Projects/printing-house/printing-house/node_modules/@img/sharp-linux-arm64'
156 silly reify ]
157 verbose reify failed optional dependency /Volumes/WEB COURSE/Projects/printing-house/printing-house/node_modules/@img/sharp-linux-arm
158 silly reify mark deleted [
158 silly reify   '/Volumes/WEB COURSE/Projects/printing-house/printing-house/node_modules/@img/sharp-linux-arm'
158 silly reify ]
159 verbose reify failed optional dependency /Volumes/WEB COURSE/Projects/printing-house/printing-house/node_modules/@img/sharp-libvips-linuxmusl-x64
160 silly reify mark deleted [
160 silly reify   '/Volumes/WEB COURSE/Projects/printing-house/printing-house/node_modules/@img/sharp-libvips-linuxmusl-x64'
160 silly reify ]
161 verbose reify failed optional dependency /Volumes/WEB COURSE/Projects/printing-house/printing-house/node_modules/@img/sharp-libvips-linuxmusl-arm64
162 silly reify mark deleted [
162 silly reify   '/Volumes/WEB COURSE/Projects/printing-house/printing-house/node_modules/@img/sharp-libvips-linuxmusl-arm64'
162 silly reify ]
163 verbose reify failed optional dependency /Volumes/WEB COURSE/Projects/printing-house/printing-house/node_modules/@img/sharp-libvips-linux-x64
164 silly reify mark deleted [
164 silly reify   '/Volumes/WEB COURSE/Projects/printing-house/printing-house/node_modules/@img/sharp-libvips-linux-x64'
164 silly reify ]
165 verbose reify failed optional dependency /Volumes/WEB COURSE/Projects/printing-house/printing-house/node_modules/@img/sharp-libvips-linux-s390x
166 silly reify mark deleted [
166 silly reify   '/Volumes/WEB COURSE/Projects/printing-house/printing-house/node_modules/@img/sharp-libvips-linux-s390x'
166 silly reify ]
167 verbose reify failed optional dependency /Volumes/WEB COURSE/Projects/printing-house/printing-house/node_modules/@img/sharp-libvips-linux-riscv64
168 silly reify mark deleted [
168 silly reify   '/Volumes/WEB COURSE/Projects/printing-house/printing-house/node_modules/@img/sharp-libvips-linux-riscv64'
168 silly reify ]
169 verbose reify failed optional dependency /Volumes/WEB COURSE/Projects/printing-house/printing-house/node_modules/@img/sharp-libvips-linux-ppc64
170 silly reify mark deleted [
170 silly reify   '/Volumes/WEB COURSE/Projects/printing-house/printing-house/node_modules/@img/sharp-libvips-linux-ppc64'
170 silly reify ]
171 verbose reify failed optional dependency /Volumes/WEB COURSE/Projects/printing-house/printing-house/node_modules/@img/sharp-libvips-linux-arm64
172 silly reify mark deleted [
172 silly reify   '/Volumes/WEB COURSE/Projects/printing-house/printing-house/node_modules/@img/sharp-libvips-linux-arm64'
172 silly reify ]
173 verbose reify failed optional dependency /Volumes/WEB COURSE/Projects/printing-house/printing-house/node_modules/@img/sharp-libvips-linux-arm
174 silly reify mark deleted [
174 silly reify   '/Volumes/WEB COURSE/Projects/printing-house/printing-house/node_modules/@img/sharp-libvips-linux-arm'
174 silly reify ]
175 verbose reify failed optional dependency /Volumes/WEB COURSE/Projects/printing-house/printing-house/node_modules/@img/sharp-libvips-darwin-arm64
176 silly reify mark deleted [
176 silly reify   '/Volumes/WEB COURSE/Projects/printing-house/printing-house/node_modules/@img/sharp-libvips-darwin-arm64'
176 silly reify ]
177 verbose reify failed optional dependency /Volumes/WEB COURSE/Projects/printing-house/printing-house/node_modules/@img/sharp-darwin-arm64
178 silly reify mark deleted [
178 silly reify   '/Volumes/WEB COURSE/Projects/printing-house/printing-house/node_modules/@img/sharp-darwin-arm64'
178 silly reify ]
179 http cache q@https://registry.npmjs.org/q/-/q-1.5.1.tgz 1ms (cache hit)
180 http cache core-js@https://registry.npmjs.org/core-js/-/core-js-3.48.0.tgz 0ms (cache hit)
181 silly tarball no local data for q@https://registry.npmjs.org/q/-/q-1.5.1.tgz. Extracting by manifest.
182 silly tarball no local data for core-js@https://registry.npmjs.org/core-js/-/core-js-3.48.0.tgz. Extracting by manifest.
183 http cache lodash@https://registry.npmjs.org/lodash/-/lodash-4.17.23.tgz 1ms (cache hit)
184 http cache cloudinary-core@https://registry.npmjs.org/cloudinary-core/-/cloudinary-core-2.14.0.tgz 0ms (cache hit)
185 http cache cloudinary@https://registry.npmjs.org/cloudinary/-/cloudinary-1.41.3.tgz 0ms (cache hit)
186 silly tarball no local data for lodash@https://registry.npmjs.org/lodash/-/lodash-4.17.23.tgz. Extracting by manifest.
187 silly tarball no local data for cloudinary-core@https://registry.npmjs.org/cloudinary-core/-/cloudinary-core-2.14.0.tgz. Extracting by manifest.
188 silly tarball no local data for cloudinary@https://registry.npmjs.org/cloudinary/-/cloudinary-1.41.3.tgz. Extracting by manifest.
189 http fetch GET 200 https://registry.npmjs.org/q/-/q-1.5.1.tgz 298ms (cache miss)
190 warn deprecated q@1.5.1: You or someone you depend on is using Q, the JavaScript Promise library that gave JavaScript developers strong feelings about promises. They can almost certainly migrate to the native JavaScript promise now. Thank you literally everyone for joining me in this bet against the odds. Be excellent to each other.
190 warn deprecated
190 warn deprecated (For a CapTP with native promises, see @endo/eventual-send and @endo/captp)
191 http fetch POST 200 https://registry.npmjs.org/-/npm/v1/security/advisories/bulk 374ms
192 silly audit report {
192 silly audit report   next: [
192 silly audit report     {
192 silly audit report       id: 1111374,
192 silly audit report       url: 'https://github.com/advisories/GHSA-w37m-7fhw-fmv9',
192 silly audit report       title: 'Next Server Actions Source Code Exposure ',
192 silly audit report       severity: 'moderate',
192 silly audit report       vulnerable_versions: '>=16.0.0-beta.0 <16.0.9',
192 silly audit report       cwe: [Array],
192 silly audit report       cvss: [Object]
192 silly audit report     },
192 silly audit report     {
192 silly audit report       id: 1111383,
192 silly audit report       url: 'https://github.com/advisories/GHSA-mwv6-3258-q52c',
192 silly audit report       title: 'Next Vulnerable to Denial of Service with Server Components',
192 silly audit report       severity: 'high',
192 silly audit report       vulnerable_versions: '>=16.0.0-beta.0 <16.0.9',
192 silly audit report       cwe: [Array],
192 silly audit report       cvss: [Object]
192 silly audit report     }
192 silly audit report   ],
192 silly audit report   preact: [
192 silly audit report     {
192 silly audit report       id: 1111982,
192 silly audit report       url: 'https://github.com/advisories/GHSA-36hm-qxxp-pg3m',
192 silly audit report       title: 'Preact has JSON VNode Injection issue',
192 silly audit report       severity: 'high',
192 silly audit report       vulnerable_versions: '>=10.28.0 <10.28.2',
192 silly audit report       cwe: [Array],
192 silly audit report       cvss: [Object]
192 silly audit report     }
192 silly audit report   ],
192 silly audit report   cloudinary: [
192 silly audit report     {
192 silly audit report       id: 1109723,
192 silly audit report       url: 'https://github.com/advisories/GHSA-g4mf-96x5-5m2c',
192 silly audit report       title: 'Cloudinary Node SDK is vulnerable to Arbitrary Argument Injection through parameters that include an ampersand',
192 silly audit report       severity: 'high',
192 silly audit report       vulnerable_versions: '<2.7.0',
192 silly audit report       cwe: [Array],
192 silly audit report       cvss: [Object]
192 silly audit report     }
192 silly audit report   ]
192 silly audit report }
193 silly packumentCache corgi:https://registry.npmjs.org/next cache-miss
194 silly packumentCache corgi:https://registry.npmjs.org/preact cache-miss
195 silly packumentCache corgi:https://registry.npmjs.org/cloudinary cache-miss
196 http fetch GET 200 https://registry.npmjs.org/preact 279ms (cache revalidated)
197 silly packumentCache corgi:https://registry.npmjs.org/preact set size:522111 disposed:false
198 http fetch GET 200 https://registry.npmjs.org/cloudinary 381ms (cache miss)
199 silly packumentCache corgi:https://registry.npmjs.org/cloudinary set size:undefined disposed:false
200 http fetch GET 200 https://registry.npmjs.org/next 587ms (cache revalidated)
201 silly packumentCache corgi:https://registry.npmjs.org/next set size:23472258 disposed:false
202 silly packumentCache corgi:https://registry.npmjs.org/next-auth cache-miss
203 http fetch GET 200 https://registry.npmjs.org/cloudinary/-/cloudinary-1.41.3.tgz 13193ms (cache miss)
204 http fetch GET 200 https://registry.npmjs.org/next-auth 845ms (cache revalidated)
205 silly packumentCache corgi:https://registry.npmjs.org/next-auth set size:1811103 disposed:false
206 silly packumentCache corgi:https://registry.npmjs.org/preact-render-to-string cache-miss
207 http fetch GET 200 https://registry.npmjs.org/cloudinary-core/-/cloudinary-core-2.14.0.tgz 13898ms (cache miss)
208 http fetch GET 200 https://registry.npmjs.org/preact-render-to-string 379ms (cache revalidated)
209 silly packumentCache corgi:https://registry.npmjs.org/preact-render-to-string set size:179142 disposed:false
210 http fetch GET 200 https://registry.npmjs.org/lodash/-/lodash-4.17.23.tgz 15557ms (cache miss)
211 http fetch GET 200 https://registry.npmjs.org/core-js/-/core-js-3.48.0.tgz 17908ms (cache miss)
212 info run core-js@3.48.0 postinstall node_modules/core-js node -e "try{require('./postinstall')}catch(e){}"
213 info run core-js@3.48.0 postinstall { code: 0, signal: null }
214 silly ADD node_modules/q
215 silly ADD node_modules/core-js
216 silly ADD node_modules/lodash
217 silly ADD node_modules/cloudinary-core
218 silly ADD node_modules/cloudinary
219 silly ADD
220 silly ADD
221 silly ADD
222 silly ADD
223 silly ADD
224 silly ADD
225 silly ADD
226 silly ADD
227 silly ADD
228 silly ADD
229 silly ADD
230 silly ADD
231 silly ADD
232 silly ADD
233 silly ADD
234 silly ADD
235 silly ADD
236 silly ADD
237 silly ADD
238 silly ADD
239 silly ADD
240 silly ADD
241 silly ADD
242 silly ADD
243 silly ADD
244 silly ADD
245 silly ADD
246 silly ADD
247 silly ADD
248 silly ADD
249 silly ADD
250 silly ADD
251 silly ADD
252 silly ADD
253 silly ADD
254 silly ADD
255 silly ADD
256 silly ADD
257 silly ADD
258 silly ADD
259 silly ADD
260 silly ADD
261 silly ADD
262 silly ADD
263 silly ADD
264 silly ADD
265 silly ADD
266 silly ADD
267 silly ADD
268 silly ADD
269 silly ADD
270 silly ADD
271 silly ADD
272 silly ADD
273 silly ADD
274 silly ADD
275 silly ADD
276 silly ADD
277 silly ADD
278 silly ADD
279 silly ADD
280 silly ADD
281 silly ADD
282 silly ADD
283 silly ADD
284 silly ADD
285 silly ADD
286 silly ADD
287 verbose cwd /Volumes/WEB COURSE/Projects/printing-house/printing-house
288 verbose os Darwin 23.6.0
289 verbose node v22.16.0
290 verbose npm  v10.9.2
291 verbose exit 0
292 info ok
